<?xml version="1.0" encoding="UTF-8"?>
<testng-results skipped="0" failed="1" ignored="0" total="1" passed="0">
  <reporter-output>
  </reporter-output>
  <suite name="Default suite" duration-ms="38369" started-at="2019-05-03T08:00:55Z" finished-at="2019-05-03T08:01:33Z">
    <groups>
    </groups>
    <test name="Default test" duration-ms="38369" started-at="2019-05-03T08:00:55Z" finished-at="2019-05-03T08:01:33Z">
      <class name="com.guru.Test.loginTest">
        <test-method status="PASS" signature="setup()[pri:0, instance:com.guru.Test.loginTest@6500df86]" name="setup" is-config="true" duration-ms="37674" started-at="2019-05-03T08:00:55Z" finished-at="2019-05-03T08:01:32Z">
          <reporter-output>
          </reporter-output>
        </test-method> <!-- setup -->
        <test-method status="FAIL" signature="action()[pri:0, instance:com.guru.Test.loginTest@6500df86]" name="action" duration-ms="2" started-at="2019-05-03T08:01:32Z" finished-at="2019-05-03T08:01:32Z">
          <exception class="java.lang.Error">
            <message>
              <![CDATA[Unresolved compilation problems: 
The method type(String, String) is undefined for the type loginTest
The method type(String, String) is undefined for the type loginTest
void is an invalid type for the variable type
Syntax error on token "(", ; expected
Syntax error on token ",", ; expected
Syntax error on token ")", ; expected
]]>
            </message>
            <full-stacktrace>
              <![CDATA[java.lang.Error: Unresolved compilation problems: 
The method type(String, String) is undefined for the type loginTest
The method type(String, String) is undefined for the type loginTest
void is an invalid type for the variable type
Syntax error on token "(", ; expected
Syntax error on token ",", ; expected
Syntax error on token ")", ; expected

at com.guru.Test.loginTest.action(loginTest.java:35)
at sun.reflect.NativeMethodAccessorImpl.invoke0(Native Method)
at sun.reflect.NativeMethodAccessorImpl.invoke(NativeMethodAccessorImpl.java:62)
at sun.reflect.DelegatingMethodAccessorImpl.invoke(DelegatingMethodAccessorImpl.java:43)
at java.lang.reflect.Method.invoke(Method.java:498)
at org.testng.internal.MethodInvocationHelper.invokeMethod(MethodInvocationHelper.java:124)
at org.testng.internal.Invoker.invokeMethod(Invoker.java:583)
at org.testng.internal.Invoker.invokeTestMethod(Invoker.java:719)
at org.testng.internal.Invoker.invokeTestMethods(Invoker.java:989)
at org.testng.internal.TestMethodWorker.invokeTestMethods(TestMethodWorker.java:125)
at org.testng.internal.TestMethodWorker.run(TestMethodWorker.java:109)
at org.testng.TestRunner.privateRun(TestRunner.java:648)
at org.testng.TestRunner.run(TestRunner.java:505)
at org.testng.SuiteRunner.runTest(SuiteRunner.java:455)
at org.testng.SuiteRunner.runSequentially(SuiteRunner.java:450)
at org.testng.SuiteRunner.privateRun(SuiteRunner.java:415)
at org.testng.SuiteRunner.run(SuiteRunner.java:364)
at org.testng.SuiteRunnerWorker.runSuite(SuiteRunnerWorker.java:52)
at org.testng.SuiteRunnerWorker.run(SuiteRunnerWorker.java:84)
at org.testng.TestNG.runSuitesSequentially(TestNG.java:1208)
at org.testng.TestNG.runSuitesLocally(TestNG.java:1137)
at org.testng.TestNG.runSuites(TestNG.java:1049)
at org.testng.TestNG.run(TestNG.java:1017)
at org.testng.remote.AbstractRemoteTestNG.run(AbstractRemoteTestNG.java:115)
at org.testng.remote.RemoteTestNG.initAndRun(RemoteTestNG.java:251)
at org.testng.remote.RemoteTestNG.main(RemoteTestNG.java:77)
]]>
            </full-stacktrace>
          </exception> <!-- java.lang.Error -->
          <reporter-output>
          </reporter-output>
        </test-method> <!-- action -->
        <test-method status="PASS" signature="tearDown()[pri:0, instance:com.guru.Test.loginTest@6500df86]" name="tearDown" is-config="true" duration-ms="643" started-at="2019-05-03T08:01:32Z" finished-at="2019-05-03T08:01:33Z">
          <reporter-output>
          </reporter-output>
        </test-method> <!-- tearDown -->
      </class> <!-- com.guru.Test.loginTest -->
    </test> <!-- Default test -->
  </suite> <!-- Default suite -->
</testng-results>
